[DEBUG] 2023-11-18 01:05:40.340 [main] PackageRelationshipCollection - Parsing relationship: /xl/_rels/workbook.xml.rels
[DEBUG] 2023-11-18 01:05:40.354 [main] PackageRelationshipCollection - Parsing relationship: /xl/worksheets/_rels/sheet1.xml.rels
[DEBUG] 2023-11-18 01:05:40.354 [main] PackageRelationshipCollection - Parsing relationship: /_rels/.rels
[DEBUG] 2023-11-18 01:05:40.992 [main] PackageRelationshipCollection - Parsing relationship: /xl/_rels/workbook.xml.rels
[DEBUG] 2023-11-18 01:05:40.993 [main] PackageRelationshipCollection - Parsing relationship: /xl/worksheets/_rels/sheet1.xml.rels
[DEBUG] 2023-11-18 01:05:40.993 [main] PackageRelationshipCollection - Parsing relationship: /_rels/.rels
[DEBUG] 2023-11-18 01:05:41.018 [main] PackageRelationshipCollection - Parsing relationship: /xl/_rels/workbook.xml.rels
[DEBUG] 2023-11-18 01:05:41.019 [main] PackageRelationshipCollection - Parsing relationship: /xl/worksheets/_rels/sheet1.xml.rels
[DEBUG] 2023-11-18 01:05:41.019 [main] PackageRelationshipCollection - Parsing relationship: /_rels/.rels
[DEBUG] 2023-11-18 01:05:41.068 [main] PackageRelationshipCollection - Parsing relationship: /xl/_rels/workbook.xml.rels
[DEBUG] 2023-11-18 01:05:41.069 [main] PackageRelationshipCollection - Parsing relationship: /xl/worksheets/_rels/sheet1.xml.rels
[DEBUG] 2023-11-18 01:05:41.069 [main] PackageRelationshipCollection - Parsing relationship: /_rels/.rels
[DEBUG] 2023-11-18 01:05:41.094 [main] PackageRelationshipCollection - Parsing relationship: /xl/_rels/workbook.xml.rels
[DEBUG] 2023-11-18 01:05:41.095 [main] PackageRelationshipCollection - Parsing relationship: /xl/worksheets/_rels/sheet1.xml.rels
[DEBUG] 2023-11-18 01:05:41.096 [main] PackageRelationshipCollection - Parsing relationship: /_rels/.rels
[DEBUG] 2023-11-18 01:05:41.116 [main] PackageRelationshipCollection - Parsing relationship: /xl/_rels/workbook.xml.rels
[DEBUG] 2023-11-18 01:05:41.117 [main] PackageRelationshipCollection - Parsing relationship: /xl/worksheets/_rels/sheet1.xml.rels
[DEBUG] 2023-11-18 01:05:41.117 [main] PackageRelationshipCollection - Parsing relationship: /_rels/.rels
[DEBUG] 2023-11-18 01:05:41.143 [main] PackageRelationshipCollection - Parsing relationship: /xl/_rels/workbook.xml.rels
[DEBUG] 2023-11-18 01:05:41.144 [main] PackageRelationshipCollection - Parsing relationship: /xl/worksheets/_rels/sheet1.xml.rels
[DEBUG] 2023-11-18 01:05:41.145 [main] PackageRelationshipCollection - Parsing relationship: /_rels/.rels
[DEBUG] 2023-11-18 01:05:41.170 [main] PackageRelationshipCollection - Parsing relationship: /xl/_rels/workbook.xml.rels
[DEBUG] 2023-11-18 01:05:41.171 [main] PackageRelationshipCollection - Parsing relationship: /xl/worksheets/_rels/sheet1.xml.rels
[DEBUG] 2023-11-18 01:05:41.171 [main] PackageRelationshipCollection - Parsing relationship: /_rels/.rels
[DEBUG] 2023-11-18 01:05:41.196 [main] PackageRelationshipCollection - Parsing relationship: /xl/_rels/workbook.xml.rels
[DEBUG] 2023-11-18 01:05:41.197 [main] PackageRelationshipCollection - Parsing relationship: /xl/worksheets/_rels/sheet1.xml.rels
[DEBUG] 2023-11-18 01:05:41.197 [main] PackageRelationshipCollection - Parsing relationship: /_rels/.rels
[DEBUG] 2023-11-18 01:05:41.226 [main] PackageRelationshipCollection - Parsing relationship: /xl/_rels/workbook.xml.rels
[DEBUG] 2023-11-18 01:05:41.228 [main] PackageRelationshipCollection - Parsing relationship: /xl/worksheets/_rels/sheet1.xml.rels
[DEBUG] 2023-11-18 01:05:41.228 [main] PackageRelationshipCollection - Parsing relationship: /_rels/.rels
[DEBUG] 2023-11-18 01:05:41.245 [main] PackageRelationshipCollection - Parsing relationship: /xl/_rels/workbook.xml.rels
[DEBUG] 2023-11-18 01:05:41.245 [main] PackageRelationshipCollection - Parsing relationship: /xl/worksheets/_rels/sheet1.xml.rels
[DEBUG] 2023-11-18 01:05:41.246 [main] PackageRelationshipCollection - Parsing relationship: /_rels/.rels
[DEBUG] 2023-11-18 01:05:41.268 [main] PackageRelationshipCollection - Parsing relationship: /xl/_rels/workbook.xml.rels
[DEBUG] 2023-11-18 01:05:41.269 [main] PackageRelationshipCollection - Parsing relationship: /xl/worksheets/_rels/sheet1.xml.rels
[DEBUG] 2023-11-18 01:05:41.269 [main] PackageRelationshipCollection - Parsing relationship: /_rels/.rels
[DEBUG] 2023-11-18 01:05:41.291 [main] PackageRelationshipCollection - Parsing relationship: /xl/_rels/workbook.xml.rels
[DEBUG] 2023-11-18 01:05:41.292 [main] PackageRelationshipCollection - Parsing relationship: /xl/worksheets/_rels/sheet1.xml.rels
[DEBUG] 2023-11-18 01:05:41.293 [main] PackageRelationshipCollection - Parsing relationship: /_rels/.rels
[DEBUG] 2023-11-18 01:05:41.318 [main] PackageRelationshipCollection - Parsing relationship: /xl/_rels/workbook.xml.rels
[DEBUG] 2023-11-18 01:05:41.318 [main] PackageRelationshipCollection - Parsing relationship: /xl/worksheets/_rels/sheet1.xml.rels
[DEBUG] 2023-11-18 01:05:41.319 [main] PackageRelationshipCollection - Parsing relationship: /_rels/.rels
[DEBUG] 2023-11-18 01:05:41.341 [main] PackageRelationshipCollection - Parsing relationship: /xl/_rels/workbook.xml.rels
[DEBUG] 2023-11-18 01:05:41.341 [main] PackageRelationshipCollection - Parsing relationship: /xl/worksheets/_rels/sheet1.xml.rels
[DEBUG] 2023-11-18 01:05:41.342 [main] PackageRelationshipCollection - Parsing relationship: /_rels/.rels
[DEBUG] 2023-11-18 01:05:41.377 [main] PackageRelationshipCollection - Parsing relationship: /xl/_rels/workbook.xml.rels
[DEBUG] 2023-11-18 01:05:41.377 [main] PackageRelationshipCollection - Parsing relationship: /xl/worksheets/_rels/sheet1.xml.rels
[DEBUG] 2023-11-18 01:05:41.377 [main] PackageRelationshipCollection - Parsing relationship: /_rels/.rels
[DEBUG] 2023-11-18 01:05:41.390 [main] PackageRelationshipCollection - Parsing relationship: /xl/_rels/workbook.xml.rels
[DEBUG] 2023-11-18 01:05:41.390 [main] PackageRelationshipCollection - Parsing relationship: /xl/worksheets/_rels/sheet1.xml.rels
[DEBUG] 2023-11-18 01:05:41.390 [main] PackageRelationshipCollection - Parsing relationship: /_rels/.rels
[DEBUG] 2023-11-18 01:05:41.403 [main] PackageRelationshipCollection - Parsing relationship: /xl/_rels/workbook.xml.rels
[DEBUG] 2023-11-18 01:05:41.403 [main] PackageRelationshipCollection - Parsing relationship: /xl/worksheets/_rels/sheet1.xml.rels
[DEBUG] 2023-11-18 01:05:41.403 [main] PackageRelationshipCollection - Parsing relationship: /_rels/.rels
[DEBUG] 2023-11-18 01:05:41.429 [main] PackageRelationshipCollection - Parsing relationship: /xl/_rels/workbook.xml.rels
[DEBUG] 2023-11-18 01:05:41.430 [main] PackageRelationshipCollection - Parsing relationship: /xl/worksheets/_rels/sheet1.xml.rels
[DEBUG] 2023-11-18 01:05:41.430 [main] PackageRelationshipCollection - Parsing relationship: /_rels/.rels
[DEBUG] 2023-11-18 01:05:41.445 [main] PackageRelationshipCollection - Parsing relationship: /xl/_rels/workbook.xml.rels
[DEBUG] 2023-11-18 01:05:41.445 [main] PackageRelationshipCollection - Parsing relationship: /xl/worksheets/_rels/sheet1.xml.rels
[DEBUG] 2023-11-18 01:05:41.445 [main] PackageRelationshipCollection - Parsing relationship: /_rels/.rels
[DEBUG] 2023-11-18 01:05:41.457 [main] PackageRelationshipCollection - Parsing relationship: /xl/_rels/workbook.xml.rels
[DEBUG] 2023-11-18 01:05:41.457 [main] PackageRelationshipCollection - Parsing relationship: /xl/worksheets/_rels/sheet1.xml.rels
[DEBUG] 2023-11-18 01:05:41.458 [main] PackageRelationshipCollection - Parsing relationship: /_rels/.rels
[DEBUG] 2023-11-18 01:05:41.473 [main] PackageRelationshipCollection - Parsing relationship: /xl/_rels/workbook.xml.rels
[DEBUG] 2023-11-18 01:05:41.474 [main] PackageRelationshipCollection - Parsing relationship: /xl/worksheets/_rels/sheet1.xml.rels
[DEBUG] 2023-11-18 01:05:41.474 [main] PackageRelationshipCollection - Parsing relationship: /_rels/.rels
[DEBUG] 2023-11-18 01:05:41.483 [main] PackageRelationshipCollection - Parsing relationship: /xl/_rels/workbook.xml.rels
[DEBUG] 2023-11-18 01:05:41.483 [main] PackageRelationshipCollection - Parsing relationship: /xl/worksheets/_rels/sheet1.xml.rels
[DEBUG] 2023-11-18 01:05:41.484 [main] PackageRelationshipCollection - Parsing relationship: /_rels/.rels
[DEBUG] 2023-11-18 01:05:46.138 [main] PackageRelationshipCollection - Parsing relationship: /xl/_rels/workbook.xml.rels
[DEBUG] 2023-11-18 01:05:46.139 [main] PackageRelationshipCollection - Parsing relationship: /xl/worksheets/_rels/sheet1.xml.rels
[DEBUG] 2023-11-18 01:05:46.139 [main] PackageRelationshipCollection - Parsing relationship: /_rels/.rels
[DEBUG] 2023-11-18 01:05:46.164 [main] PackageRelationshipCollection - Parsing relationship: /xl/_rels/workbook.xml.rels
[DEBUG] 2023-11-18 01:05:46.165 [main] PackageRelationshipCollection - Parsing relationship: /xl/worksheets/_rels/sheet1.xml.rels
[DEBUG] 2023-11-18 01:05:46.165 [main] PackageRelationshipCollection - Parsing relationship: /_rels/.rels
[DEBUG] 2023-11-18 01:05:46.197 [main] PackageRelationshipCollection - Parsing relationship: /xl/_rels/workbook.xml.rels
[DEBUG] 2023-11-18 01:05:46.197 [main] PackageRelationshipCollection - Parsing relationship: /xl/worksheets/_rels/sheet1.xml.rels
[DEBUG] 2023-11-18 01:05:46.207 [main] PackageRelationshipCollection - Parsing relationship: /_rels/.rels
[DEBUG] 2023-11-18 01:05:46.237 [main] PackageRelationshipCollection - Parsing relationship: /xl/_rels/workbook.xml.rels
[DEBUG] 2023-11-18 01:05:46.238 [main] PackageRelationshipCollection - Parsing relationship: /xl/worksheets/_rels/sheet1.xml.rels
[DEBUG] 2023-11-18 01:05:46.240 [main] PackageRelationshipCollection - Parsing relationship: /_rels/.rels
[INFO ] 2023-11-18 01:13:22.873 [main] UserTests2 - ***** Creating User ******
[INFO ] 2023-11-18 01:13:26.291 [main] UserTests2 - ***** User is Created ********
[INFO ] 2023-11-18 01:13:26.306 [main] UserTests2 - ***** Reading User Info ******
[INFO ] 2023-11-18 01:13:27.146 [main] UserTests2 - ***** User info is displayed ******
[INFO ] 2023-11-18 01:13:27.148 [main] UserTests2 - ***** Updating User Info ******
[INFO ] 2023-11-18 01:13:28.860 [main] UserTests2 - ***** User Updated ******
[INFO ] 2023-11-18 01:13:28.865 [main] UserTests2 - ***** Deleting User ******
[INFO ] 2023-11-18 01:13:29.707 [main] UserTests2 - ***** User Deleted ******
[INFO ] 2023-11-18 01:17:20.925 [main] UserTests2 - ***** Creating User ******
[INFO ] 2023-11-18 01:17:24.330 [main] UserTests2 - ***** Reading User Info ******
[INFO ] 2023-11-18 01:17:25.191 [main] UserTests2 - ***** User info is displayed ******
[INFO ] 2023-11-18 01:17:25.202 [main] UserTests2 - ***** Updating User Info ******
[INFO ] 2023-11-18 01:17:27.034 [main] UserTests2 - ***** User Updated ******
[INFO ] 2023-11-18 01:17:27.043 [main] UserTests2 - ***** Deleting User ******
[INFO ] 2023-11-18 01:17:27.869 [main] UserTests2 - ***** User Deleted ******
[INFO ] 2023-11-18 01:20:18.301 [main] UserTests2 - ***** Creating User ******
[INFO ] 2023-11-18 01:20:21.530 [main] UserTests2 - ***** User is Created ********
[INFO ] 2023-11-18 01:20:21.546 [main] UserTests2 - ***** Reading User Info ******
[INFO ] 2023-11-18 01:20:22.398 [main] UserTests2 - ***** User info is displayed ******
[INFO ] 2023-11-18 01:20:22.408 [main] UserTests2 - ***** Updating User Info ******
[INFO ] 2023-11-18 01:20:24.043 [main] UserTests2 - ***** User Updated ******
[INFO ] 2023-11-18 01:20:24.047 [main] UserTests2 - ***** Deleting User ******
[INFO ] 2023-11-18 01:20:24.891 [main] UserTests2 - ***** User Deleted ******
[INFO ] 2023-11-18 01:27:50.437 [main] UserTests2 - ***** Creating User ******
[INFO ] 2023-11-18 01:27:54.058 [main] UserTests2 - ***** User is Created ********
[INFO ] 2023-11-18 01:27:54.073 [main] UserTests2 - ***** Reading User Info ******
[INFO ] 2023-11-18 01:27:55.025 [main] UserTests2 - ***** User info is displayed ******
[INFO ] 2023-11-18 01:27:55.048 [main] UserTests2 - ***** Updating User Info ******
[INFO ] 2023-11-18 01:27:56.704 [main] UserTests2 - ***** User Updated ******
[INFO ] 2023-11-18 01:27:56.705 [main] UserTests2 - ***** Deleting User ******
[INFO ] 2023-11-18 01:27:57.557 [main] UserTests2 - ***** User Deleted ******
[INFO ] 2023-11-18 01:29:55.377 [main] UserTests2 - ***** Creating User ******
[INFO ] 2023-11-18 01:29:58.470 [main] UserTests2 - ***** User is Created ********
[INFO ] 2023-11-18 01:29:58.487 [main] UserTests2 - ***** Reading User Info ******
[INFO ] 2023-11-18 01:29:59.477 [main] UserTests2 - ***** User info is displayed ******
[INFO ] 2023-11-18 01:29:59.497 [main] UserTests2 - ***** Updating User Info ******
[INFO ] 2023-11-18 01:30:01.165 [main] UserTests2 - ***** User Updated ******
[INFO ] 2023-11-18 01:30:01.181 [main] UserTests2 - ***** Deleting User ******
[INFO ] 2023-11-18 01:30:02.403 [main] UserTests2 - ***** User Deleted ******
[INFO ] 2023-11-18 01:34:13.230 [main] UserTests2 - ***** Creating User ******
[INFO ] 2023-11-18 01:34:16.438 [main] UserTests2 - ***** User is Created ********
[INFO ] 2023-11-18 01:34:16.453 [main] UserTests2 - ***** Reading User Info ******
[INFO ] 2023-11-18 01:34:17.451 [main] UserTests2 - ***** User info is displayed ******
[INFO ] 2023-11-18 01:34:17.459 [main] UserTests2 - ***** Updating User Info ******
[INFO ] 2023-11-18 01:34:19.154 [main] UserTests2 - ***** User Updated ******
[INFO ] 2023-11-18 01:34:19.157 [main] UserTests2 - ***** Deleting User ******
[INFO ] 2023-11-18 01:34:20.911 [main] UserTests2 - ***** User Deleted ******
[INFO ] 2023-11-18 03:12:46.670 [main] UserTests2 - ***** Creating User ******
[INFO ] 2023-11-18 03:12:46.696 [main] UserTests2 - ***** Reading User Info ******
[INFO ] 2023-11-18 03:12:50.112 [main] UserTests2 - ***** Updating User Info ******
[INFO ] 2023-11-18 03:12:52.486 [main] UserTests2 - ***** User Updated ******
[INFO ] 2023-11-18 03:12:52.491 [main] UserTests2 - ***** Deleting User ******
[INFO ] 2023-11-18 03:12:54.214 [main] UserTests2 - ***** User Deleted ******
[INFO ] 2023-11-18 03:16:51.286 [main] UserTests2 - ***** Creating User ******
[INFO ] 2023-11-18 03:16:51.309 [main] UserTests2 - ***** Reading User Info ******
[INFO ] 2023-11-18 03:16:51.314 [main] UserTests2 - ***** Updating User Info ******
[INFO ] 2023-11-18 03:16:51.320 [main] UserTests2 - ***** Deleting User ******
[INFO ] 2023-11-18 03:19:40.991 [main] UserTests2 - ***** Creating User ******
[INFO ] 2023-11-18 03:19:41.008 [main] UserTests2 - ***** Reading User Info ******
[INFO ] 2023-11-18 03:19:41.015 [main] UserTests2 - ***** Updating User Info ******
[INFO ] 2023-11-18 03:19:41.022 [main] UserTests2 - ***** Deleting User ******
[INFO ] 2023-11-18 03:20:47.472 [main] UserTests2 - ***** Creating User ******
[INFO ] 2023-11-18 03:20:47.490 [main] UserTests2 - ***** Reading User Info ******
[INFO ] 2023-11-18 03:20:47.506 [main] UserTests2 - ***** Updating User Info ******
[INFO ] 2023-11-18 03:20:47.511 [main] UserTests2 - ***** Deleting User ******
[INFO ] 2023-11-18 03:24:01.739 [main] UserTests2 - ***** Creating User ******
[INFO ] 2023-11-18 03:24:01.756 [main] UserTests2 - ***** Reading User Info ******
[INFO ] 2023-11-18 03:24:01.764 [main] UserTests2 - ***** Updating User Info ******
[INFO ] 2023-11-18 03:24:01.770 [main] UserTests2 - ***** Deleting User ******
[INFO ] 2023-11-18 03:27:17.582 [main] UserTests2 - ***** Creating User ******
[INFO ] 2023-11-18 03:27:17.608 [main] UserTests2 - ***** Reading User Info ******
[INFO ] 2023-11-18 03:27:17.613 [main] UserTests2 - ***** Updating User Info ******
[INFO ] 2023-11-18 03:27:17.617 [main] UserTests2 - ***** Deleting User ******
[INFO ] 2023-11-18 03:28:01.931 [main] UserTests2 - ***** Creating User ******
[INFO ] 2023-11-18 03:28:01.954 [main] UserTests2 - ***** Reading User Info ******
[INFO ] 2023-11-18 03:28:01.969 [main] UserTests2 - ***** Updating User Info ******
[INFO ] 2023-11-18 03:28:01.982 [main] UserTests2 - ***** Deleting User ******
[INFO ] 2023-11-18 03:35:15.791 [main] UserTests2 - ***** Creating User ******
[INFO ] 2023-11-18 03:35:15.817 [main] UserTests2 - ***** Reading User Info ******
[INFO ] 2023-11-18 03:35:15.823 [main] UserTests2 - ***** Updating User Info ******
[INFO ] 2023-11-18 03:35:15.831 [main] UserTests2 - ***** Deleting User ******
[INFO ] 2023-11-18 03:39:35.493 [main] UserTests2 - ***** Creating User ******
[INFO ] 2023-11-18 03:39:35.512 [main] UserTests2 - ***** Reading User Info ******
[INFO ] 2023-11-18 03:39:35.520 [main] UserTests2 - ***** Updating User Info ******
[INFO ] 2023-11-18 03:39:35.524 [main] UserTests2 - ***** Deleting User ******
[INFO ] 2023-11-18 03:41:16.446 [main] UserTests2 - ***** Creating User ******
[INFO ] 2023-11-18 03:41:16.468 [main] UserTests2 - ***** Reading User Info ******
[INFO ] 2023-11-18 03:41:16.473 [main] UserTests2 - ***** Updating User Info ******
[INFO ] 2023-11-18 03:41:16.478 [main] UserTests2 - ***** Deleting User ******
[INFO ] 2023-11-18 03:41:55.613 [main] UserTests2 - ***** Creating User ******
[INFO ] 2023-11-18 03:41:55.630 [main] UserTests2 - ***** Reading User Info ******
[INFO ] 2023-11-18 03:41:55.635 [main] UserTests2 - ***** Updating User Info ******
[INFO ] 2023-11-18 03:41:55.639 [main] UserTests2 - ***** Deleting User ******
[INFO ] 2023-11-18 03:42:49.937 [main] UserTests2 - ***** Creating User ******
[INFO ] 2023-11-18 03:42:49.954 [main] UserTests2 - ***** Reading User Info ******
[INFO ] 2023-11-18 03:42:49.959 [main] UserTests2 - ***** Updating User Info ******
[INFO ] 2023-11-18 03:42:49.965 [main] UserTests2 - ***** Deleting User ******
[INFO ] 2023-11-18 03:43:02.057 [main] UserTests2 - ***** Creating User ******
[INFO ] 2023-11-18 03:43:02.077 [main] UserTests2 - ***** Reading User Info ******
[INFO ] 2023-11-18 03:43:02.090 [main] UserTests2 - ***** Updating User Info ******
[INFO ] 2023-11-18 03:43:02.095 [main] UserTests2 - ***** Deleting User ******
[INFO ] 2023-11-18 03:43:14.524 [main] UserTests2 - ***** Creating User ******
[INFO ] 2023-11-18 03:43:14.542 [main] UserTests2 - ***** Reading User Info ******
[INFO ] 2023-11-18 03:43:14.547 [main] UserTests2 - ***** Updating User Info ******
[INFO ] 2023-11-18 03:43:14.553 [main] UserTests2 - ***** Deleting User ******
[INFO ] 2023-11-18 03:46:46.655 [main] UserTests2 - ***** Creating User ******
[INFO ] 2023-11-18 03:46:46.672 [main] UserTests2 - ***** Reading User Info ******
[INFO ] 2023-11-18 03:46:46.678 [main] UserTests2 - ***** Updating User Info ******
[INFO ] 2023-11-18 03:46:46.681 [main] UserTests2 - ***** Deleting User ******
[INFO ] 2023-11-18 03:48:49.443 [main] UserTests2 - ***** Creating User ******
[INFO ] 2023-11-18 03:48:49.459 [main] UserTests2 - ***** Reading User Info ******
[INFO ] 2023-11-18 03:48:49.469 [main] UserTests2 - ***** Updating User Info ******
[INFO ] 2023-11-18 03:48:49.476 [main] UserTests2 - ***** Deleting User ******
