[INFO ] 2023-11-20 22:29:05.445 [main] UserTests2 - ***** Creating User ******
[INFO ] 2023-11-20 22:29:05.617 [main] UserTests2 - ***** Reading User Info ******
[INFO ] 2023-11-20 22:29:05.623 [main] UserTests2 - ***** Updating User Info ******
[INFO ] 2023-11-20 22:29:05.629 [main] UserTests2 - ***** Deleting User ******
[INFO ] 2023-11-20 22:31:07.000 [main] UserTests2 - ***** Creating User ******
[INFO ] 2023-11-20 22:31:07.031 [main] UserTests2 - ***** Reading User Info ******
[INFO ] 2023-11-20 22:31:07.036 [main] UserTests2 - ***** Updating User Info ******
[INFO ] 2023-11-20 22:31:07.042 [main] UserTests2 - ***** Deleting User ******
[INFO ] 2023-11-20 22:33:45.044 [main] UserTests2 - ***** Creating User ******
[INFO ] 2023-11-20 22:33:45.080 [main] UserTests2 - ***** Reading User Info ******
[INFO ] 2023-11-20 22:33:45.082 [main] UserTests2 - ***** Updating User Info ******
[INFO ] 2023-11-20 22:33:45.092 [main] UserTests2 - ***** Deleting User ******
[INFO ] 2023-11-20 22:34:52.019 [main] UserTests2 - ***** Creating User ******
[INFO ] 2023-11-20 22:34:52.040 [main] UserTests2 - ***** Reading User Info ******
[INFO ] 2023-11-20 22:34:52.047 [main] UserTests2 - ***** Updating User Info ******
[INFO ] 2023-11-20 22:34:52.060 [main] UserTests2 - ***** Deleting User ******
[INFO ] 2023-11-20 22:59:17.665 [main] UserTests2 - ***** Creating User ******
[INFO ] 2023-11-20 22:59:17.702 [main] UserTests2 - ***** Reading User Info ******
[INFO ] 2023-11-20 22:59:17.706 [main] UserTests2 - ***** Updating User Info ******
[INFO ] 2023-11-20 22:59:17.711 [main] UserTests2 - ***** Deleting User ******
[INFO ] 2023-11-20 23:09:03.520 [main] UserTests2 - ***** Creating User ******
[INFO ] 2023-11-20 23:09:03.549 [main] UserTests2 - ***** Reading User Info ******
[INFO ] 2023-11-20 23:09:03.555 [main] UserTests2 - ***** Updating User Info ******
[INFO ] 2023-11-20 23:09:03.559 [main] UserTests2 - ***** Deleting User ******
[INFO ] 2023-11-20 23:12:33.391 [main] UserTests2 - ***** Creating User ******
[INFO ] 2023-11-20 23:12:33.430 [main] UserTests2 - ***** Reading User Info ******
[INFO ] 2023-11-20 23:12:33.437 [main] UserTests2 - ***** Updating User Info ******
[INFO ] 2023-11-20 23:12:33.456 [main] UserTests2 - ***** Deleting User ******
[INFO ] 2023-11-20 23:13:14.917 [main] UserTests2 - ***** Creating User ******
[INFO ] 2023-11-20 23:13:14.958 [main] UserTests2 - ***** Reading User Info ******
[INFO ] 2023-11-20 23:13:14.965 [main] UserTests2 - ***** Updating User Info ******
[INFO ] 2023-11-20 23:13:14.970 [main] UserTests2 - ***** Deleting User ******
[INFO ] 2023-11-20 23:16:36.803 [main] UserTests2 - ***** Creating User ******
[INFO ] 2023-11-20 23:16:36.827 [main] UserTests2 - ***** Reading User Info ******
[INFO ] 2023-11-20 23:16:36.841 [main] UserTests2 - ***** Updating User Info ******
[INFO ] 2023-11-20 23:16:36.846 [main] UserTests2 - ***** Deleting User ******
[INFO ] 2023-11-20 23:19:47.487 [main] UserTests2 - ***** Creating User ******
[INFO ] 2023-11-20 23:19:51.312 [main] UserTests2 - ***** User is Created ********
[INFO ] 2023-11-20 23:19:51.326 [main] UserTests2 - ***** Reading User Info ******
[INFO ] 2023-11-20 23:19:52.672 [main] UserTests2 - ***** User info is displayed ******
[INFO ] 2023-11-20 23:19:52.674 [main] UserTests2 - ***** Updating User Info ******
[INFO ] 2023-11-20 23:19:54.643 [main] UserTests2 - ***** User Updated ******
[INFO ] 2023-11-20 23:19:54.645 [main] UserTests2 - ***** Deleting User ******
[INFO ] 2023-11-20 23:19:56.859 [main] UserTests2 - ***** User Deleted ******
