[INFO ] 2023-11-21 00:09:30.466 [main] UserTests3 - ***** Creating User ******
[INFO ] 2023-11-21 00:09:32.459 [main] UserTests3 - ***** Reading User Info ******
[INFO ] 2023-11-21 00:09:32.493 [main] UserTests3 - ***** Updating User Info ******
[INFO ] 2023-11-21 00:09:32.520 [main] UserTests3 - ***** Deleting User ******
[INFO ] 2023-11-21 00:09:54.614 [main] UserTests3 - ***** Creating User ******
[INFO ] 2023-11-21 00:09:58.258 [main] UserTests3 - ***** User is Created ********
[INFO ] 2023-11-21 00:09:58.269 [main] UserTests3 - ***** Reading User Info ******
[INFO ] 2023-11-21 00:10:00.039 [main] UserTests3 - ***** User info is displayed ******
[INFO ] 2023-11-21 00:10:00.042 [main] UserTests3 - ***** Updating User Info ******
[INFO ] 2023-11-21 00:10:02.530 [main] UserTests3 - ***** User Updated ******
[INFO ] 2023-11-21 00:10:02.533 [main] UserTests3 - ***** Deleting User ******
[INFO ] 2023-11-21 00:10:05.071 [main] UserTests3 - ***** User Deleted ******
[INFO ] 2023-11-21 00:17:20.427 [main] UserTests3 - ***** Creating User ******
[INFO ] 2023-11-21 00:17:23.889 [main] UserTests3 - ***** User is Created ********
[INFO ] 2023-11-21 00:17:23.900 [main] UserTests3 - ***** Reading User Info ******
[INFO ] 2023-11-21 00:17:25.706 [main] UserTests3 - ***** User info is displayed ******
[INFO ] 2023-11-21 00:17:25.708 [main] UserTests3 - ***** Updating User Info ******
[INFO ] 2023-11-21 00:17:28.216 [main] UserTests3 - ***** User Updated ******
[INFO ] 2023-11-21 00:17:28.218 [main] UserTests3 - ***** Deleting User ******
[INFO ] 2023-11-21 00:17:30.737 [main] UserTests3 - ***** User Deleted ******
